<?xml version="1.0" encoding="UTF-8"?>
<!-- Generated by org.testng.reporters.JUnitReportReporter -->
<testsuite skipped="0" hostname="HOMEX-PC" name="read_text_data.TestExcelData" tests="4" failures="0" timestamp="01 Feb 2019 02:13:15 GMT" time="0.017" errors="0">
  <testcase name="getData" time="0.002" classname="read_text_data.TestExcelData"/>
  <testcase name="getData" time="0.003" classname="read_text_data.TestExcelData"/>
  <testcase name="getData" time="0.009" classname="read_text_data.TestExcelData"/>
  <testcase name="getData" time="0.003" classname="read_text_data.TestExcelData"/>
</testsuite> <!-- read_text_data.TestExcelData -->
