<?xml version="1.0" encoding="UTF-8"?>
<!-- Generated by org.testng.reporters.JUnitReportReporter -->
<testsuite skipped="0" hostname="HOMEX-PC" name="make_My_Trip.MakeMyTrip" tests="1" failures="0" timestamp="06 Feb 2019 06:23:19 GMT" time="43.560" errors="0">
  <testcase name="dateCompare" time="43.560" classname="make_My_Trip.MakeMyTrip"/>
</testsuite> <!-- make_My_Trip.MakeMyTrip -->
