<?xml version="1.0" encoding="UTF-8"?>
<!-- Generated by org.testng.reporters.JUnitReportReporter -->
<testsuite skipped="0" hostname="HOMEX-PC" name="bluestone.BlueStone6" tests="1" failures="0" timestamp="06 Feb 2019 11:55:15 GMT" time="23.257" errors="0">
  <testcase name="test" time="23.257" classname="bluestone.BlueStone6"/>
</testsuite> <!-- bluestone.BlueStone6 -->
