<?xml version="1.0" encoding="UTF-8"?>
<!-- Generated by org.testng.reporters.JUnitReportReporter -->
<testsuite skipped="0" hostname="HOMEX-PC" name="scenario1.Gmail" tests="1" failures="0" timestamp="31 Jan 2019 12:52:01 GMT" time="65.723" errors="0">
  <testcase name="testA" time="65.723" classname="scenario1.Gmail"/>
</testsuite> <!-- scenario1.Gmail -->
