<?xml version="1.0" encoding="UTF-8"?>
<!-- Generated by org.testng.reporters.JUnitReportReporter -->
<testsuite skipped="0" hostname="HOMEX-PC" name="two_dimensional_array.Data_Provider" tests="2" failures="0" timestamp="31 Jan 2019 04:08:52 GMT" time="0.033" errors="0">
  <testcase name="createUser" time="0.004" classname="two_dimensional_array.Data_Provider"/>
  <testcase name="createUser" time="0.029" classname="two_dimensional_array.Data_Provider"/>
</testsuite> <!-- two_dimensional_array.Data_Provider -->
