<?xml version="1.0" encoding="UTF-8"?>
<!-- Generated by org.testng.reporters.JUnitReportReporter -->
<testsuite skipped="0" hostname="HOMEX-PC" name="bluestone.BlueStone5" tests="1" failures="0" timestamp="06 Feb 2019 11:46:34 GMT" time="31.005" errors="0">
  <testcase name="test" time="31.005" classname="bluestone.BlueStone5"/>
</testsuite> <!-- bluestone.BlueStone5 -->
