<?xml version="1.0" encoding="UTF-8"?>
<!-- Generated by org.testng.reporters.JUnitReportReporter -->
<testsuite skipped="0" hostname="HOMEX-PC" name="bluestone.BS3" tests="1" failures="0" timestamp="04 Feb 2019 20:56:20 GMT" time="47.019" errors="0">
  <testcase name="blueStoneTest" time="47.019" classname="bluestone.BS3"/>
</testsuite> <!-- bluestone.BS3 -->
