<?xml version="1.0" encoding="UTF-8"?>
<!-- Generated by org.testng.reporters.JUnitReportReporter -->
<testsuite skipped="0" hostname="HOMEX-PC" name="bluestone.BS1" tests="1" failures="0" timestamp="01 Feb 2019 12:25:33 GMT" time="35.499" errors="0">
  <testcase name="blueStoneTest" time="35.499" classname="bluestone.BS1"/>
</testsuite> <!-- bluestone.BS1 -->
