<?xml version="1.0" encoding="UTF-8"?>
<!-- Generated by org.testng.reporters.JUnitReportReporter -->
<testsuite skipped="0" hostname="HOMEX-PC" name="groups.Groups1" tests="2" failures="0" timestamp="31 Jan 2019 04:01:00 GMT" time="0.014" errors="0">
  <testcase name="testB" time="0.002" classname="groups.Groups1"/>
  <testcase name="testA" time="0.012" classname="groups.Groups1"/>
</testsuite> <!-- groups.Groups1 -->
