<?xml version="1.0" encoding="UTF-8"?>
<!-- Generated by org.testng.reporters.JUnitReportReporter -->
<testsuite skipped="0" hostname="HOMEX-PC" name="bluestone.BlueStone8" tests="1" failures="0" timestamp="07 Feb 2019 02:06:59 GMT" time="49.117" errors="0">
  <testcase name="test" time="49.117" classname="bluestone.BlueStone8"/>
</testsuite> <!-- bluestone.BlueStone8 -->
